0 info it worked if it ends with ok
1 verbose cli [ '/usr/bin/node',
1 verbose cli   '/usr/bin/npm',
1 verbose cli   'install',
1 verbose cli   '@angular/common/http' ]
2 info using npm@3.5.2
3 info using node@v8.10.0
4 silly loadCurrentTree Starting
5 silly install loadCurrentTree
6 silly install readLocalPackageData
7 silly fetchPackageMetaData @angular/common/http
8 silly fetchOtherPackageData @angular/common/http
9 silly cache add args [ '@angular/common/http', null ]
10 verbose cache add spec @angular/common/http
11 silly cache add parsed spec Result {
11 silly cache add   raw: '@angular/common/http',
11 silly cache add   scope: null,
11 silly cache add   name: null,
11 silly cache add   rawSpec: '@angular/common/http',
11 silly cache add   spec: '/home/hamza/Documents/Personal_Projects/ionic/WatchMutual/@angular/common/http',
11 silly cache add   type: 'local' }
12 error addLocal Could not install /home/hamza/Documents/Personal_Projects/ionic/WatchMutual/@angular/common/http
13 silly fetchPackageMetaData Error: ENOENT: no such file or directory, open '/home/hamza/Documents/Personal_Projects/ionic/WatchMutual/@angular/common/http'
13 silly fetchPackageMetaData  error for @angular/common/http { Error: ENOENT: no such file or directory, open '/home/hamza/Documents/Personal_Projects/ionic/WatchMutual/@angular/common/http'
13 silly fetchPackageMetaData   errno: -2,
13 silly fetchPackageMetaData   code: 'ENOENT',
13 silly fetchPackageMetaData   syscall: 'open',
13 silly fetchPackageMetaData   path: '/home/hamza/Documents/Personal_Projects/ionic/WatchMutual/@angular/common/http' }
14 silly rollbackFailedOptional Starting
15 silly rollbackFailedOptional Finishing
16 silly runTopLevelLifecycles Starting
17 silly runTopLevelLifecycles Finishing
18 silly install printInstalled
19 verbose stack Error: ENOENT: no such file or directory, open '/home/hamza/Documents/Personal_Projects/ionic/WatchMutual/@angular/common/http'
20 verbose cwd /home/hamza/Documents/Personal_Projects/ionic/WatchMutual
21 error Linux 4.15.0-52-generic
22 error argv "/usr/bin/node" "/usr/bin/npm" "install" "@angular/common/http"
23 error node v8.10.0
24 error npm  v3.5.2
25 error path /home/hamza/Documents/Personal_Projects/ionic/WatchMutual/@angular/common/http
26 error code ENOENT
27 error errno -2
28 error syscall open
29 error enoent ENOENT: no such file or directory, open '/home/hamza/Documents/Personal_Projects/ionic/WatchMutual/@angular/common/http'
30 error enoent ENOENT: no such file or directory, open '/home/hamza/Documents/Personal_Projects/ionic/WatchMutual/@angular/common/http'
30 error enoent This is most likely not a problem with npm itself
30 error enoent and is related to npm not being able to find a file.
31 verbose exit [ -2, true ]
